DEBUG:Chroma:Logger created
DEBUG:Chroma:Index not found
DEBUG:Chroma:Index saved to .chroma/index/index.bin
DEBUG:Chroma:Index saved to .chroma/index/index.bin
DEBUG:Chroma:time to pre process our knn query: 0.0
DEBUG:Chroma:time to run knn query: 0.0009982585906982422
DEBUG:Chroma:Logger created
DEBUG:Chroma:Index not found
DEBUG:Chroma:Index saved to .chroma/index/index.bin
DEBUG:Chroma:Index saved to .chroma/index/index.bin
DEBUG:Chroma:time to pre process our knn query: 0.0
DEBUG:Chroma:time to run knn query: 0.0
DEBUG:Chroma:Logger created
DEBUG:Chroma:Index not found
DEBUG:Chroma:Index saved to .chroma/index/index.bin
DEBUG:Chroma:Index saved to .chroma/index/index.bin
DEBUG:Chroma:time to pre process our knn query: 0.0
DEBUG:Chroma:time to run knn query: 0.0
DEBUG:Chroma:Logger created
DEBUG:Chroma:Index not found
DEBUG:Chroma:Index saved to .chroma/index/index.bin
DEBUG:Chroma:Index saved to .chroma/index/index.bin
DEBUG:Chroma:time to pre process our knn query: 0.0
DEBUG:Chroma:time to run knn query: 0.0
DEBUG:Chroma:Logger created
DEBUG:Chroma:Index not found
DEBUG:Chroma:Index saved to .chroma/index/index.bin
DEBUG:Chroma:Index saved to .chroma/index/index.bin
DEBUG:Chroma:time to pre process our knn query: 0.0
DEBUG:Chroma:time to run knn query: 0.0009961128234863281
DEBUG:Chroma:Logger created
DEBUG:Chroma:Index not found
DEBUG:Chroma:Index saved to .chroma/index/index.bin
DEBUG:Chroma:Index saved to .chroma/index/index.bin
DEBUG:Chroma:time to pre process our knn query: 0.0
DEBUG:Chroma:time to run knn query: 0.0
DEBUG:Chroma:Logger created
DEBUG:Chroma:Index not found
DEBUG:Chroma:Index saved to .chroma/index/index.bin
DEBUG:Chroma:Index saved to .chroma/index/index.bin
DEBUG:Chroma:time to pre process our knn query: 0.0
DEBUG:Chroma:time to run knn query: 0.0009961128234863281
DEBUG:Chroma:Logger created
DEBUG:Chroma:Index not found
DEBUG:Chroma:Index saved to .chroma/index/index.bin
DEBUG:Chroma:Index saved to .chroma/index/index.bin
DEBUG:Chroma:time to pre process our knn query: 0.0
DEBUG:Chroma:time to run knn query: 0.0
DEBUG:Chroma:Logger created
DEBUG:Chroma:Index not found
DEBUG:Chroma:Index saved to .chroma/index/index.bin
DEBUG:Chroma:Index saved to .chroma/index/index.bin
DEBUG:Chroma:Logger created
DEBUG:Chroma:Index not found
DEBUG:Chroma:Index saved to .chroma/index/index.bin
DEBUG:Chroma:Index saved to .chroma/index/index.bin
DEBUG:Chroma:Logger created
DEBUG:Chroma:Logger created
DEBUG:Chroma:Index not found
DEBUG:Chroma:Index saved to .chroma/index/index.bin
DEBUG:Chroma:Index saved to .chroma/index/index.bin
DEBUG:Chroma:time to pre process our knn query: 0.0
DEBUG:Chroma:time to run knn query: 0.0
DEBUG:Chroma:Logger created
DEBUG:Chroma:Index not found
DEBUG:Chroma:Index saved to .chroma/index/index.bin
DEBUG:Chroma:Index saved to .chroma/index/index.bin
DEBUG:Chroma:time to pre process our knn query: 0.0
DEBUG:Chroma:time to run knn query: 0.0010008811950683594
DEBUG:Chroma:Logger created
DEBUG:Chroma:Index not found
DEBUG:Chroma:Index saved to .chroma/index/index.bin
DEBUG:Chroma:Index saved to .chroma/index/index.bin
DEBUG:Chroma:time to pre process our knn query: 0.0
DEBUG:Chroma:time to run knn query: 0.0
DEBUG:Chroma:Logger created
DEBUG:Chroma:Index not found
DEBUG:Chroma:Index saved to .chroma/index/index.bin
DEBUG:Chroma:Index saved to .chroma/index/index.bin
DEBUG:Chroma:time to pre process our knn query: 0.0
DEBUG:Chroma:time to run knn query: 0.0
DEBUG:Chroma:Logger created
DEBUG:Chroma:Index not found
DEBUG:Chroma:Index saved to .chroma/index/index.bin
DEBUG:Chroma:Index saved to .chroma/index/index.bin
DEBUG:Chroma:time to pre process our knn query: 0.0
DEBUG:Chroma:time to run knn query: 0.0
DEBUG:Chroma:Logger created
DEBUG:Chroma:Index not found
DEBUG:Chroma:Index saved to .chroma/index/index.bin
DEBUG:Chroma:Index saved to .chroma/index/index.bin
DEBUG:Chroma:time to pre process our knn query: 0.0
DEBUG:Chroma:time to run knn query: 0.0010008811950683594
DEBUG:Chroma:time to pre process our knn query: 0.0
DEBUG:Chroma:time to run knn query: 0.0
DEBUG:Chroma:Logger created
DEBUG:Chroma:Index not found
DEBUG:Chroma:Index saved to .chroma/index/index.bin
DEBUG:Chroma:Index saved to .chroma/index/index.bin
DEBUG:Chroma:time to pre process our knn query: 0.0
DEBUG:Chroma:time to run knn query: 0.0
DEBUG:Chroma:time to pre process our knn query: 0.0
DEBUG:Chroma:time to run knn query: 0.0
DEBUG:Chroma:Logger created
DEBUG:Chroma:Index not found
DEBUG:Chroma:Index saved to .chroma/index/index.bin
DEBUG:Chroma:Index saved to .chroma/index/index.bin
DEBUG:Chroma:time to pre process our knn query: 0.0
DEBUG:Chroma:time to run knn query: 0.0
DEBUG:Chroma:time to pre process our knn query: 0.0
DEBUG:Chroma:time to run knn query: 0.0
DEBUG:Chroma:Logger created
DEBUG:Chroma:Index not found
DEBUG:Chroma:Index saved to .chroma/index/index.bin
DEBUG:Chroma:Index saved to .chroma/index/index.bin
DEBUG:Chroma:time to pre process our knn query: 0.0
DEBUG:Chroma:time to run knn query: 0.0
DEBUG:Chroma:time to pre process our knn query: 0.0
DEBUG:Chroma:time to run knn query: 0.0
DEBUG:Chroma:Logger created
DEBUG:Chroma:Index not found
DEBUG:Chroma:Index saved to .chroma/index/index.bin
DEBUG:Chroma:Index saved to .chroma/index/index.bin
DEBUG:Chroma:time to pre process our knn query: 0.0
DEBUG:Chroma:time to run knn query: 0.0
DEBUG:Chroma:time to pre process our knn query: 0.0
DEBUG:Chroma:time to run knn query: 0.0
DEBUG:Chroma:Logger created
DEBUG:Chroma:Index not found
DEBUG:Chroma:Index saved to .chroma/index/index.bin
DEBUG:Chroma:Index saved to .chroma/index/index.bin
DEBUG:Chroma:time to pre process our knn query: 0.0
DEBUG:Chroma:time to run knn query: 0.0
DEBUG:Chroma:time to pre process our knn query: 0.0
DEBUG:Chroma:time to run knn query: 0.0
DEBUG:Chroma:Logger created
DEBUG:Chroma:Index not found
DEBUG:Chroma:Index saved to .chroma/index/index.bin
DEBUG:Chroma:Index saved to .chroma/index/index.bin
DEBUG:Chroma:time to pre process our knn query: 0.0
DEBUG:Chroma:time to run knn query: 0.0010099411010742188
DEBUG:Chroma:time to pre process our knn query: 0.0
DEBUG:Chroma:time to run knn query: 0.0
DEBUG:Chroma:Logger created
DEBUG:Chroma:Index not found
DEBUG:Chroma:Index saved to .chroma/index/index.bin
DEBUG:Chroma:Index saved to .chroma/index/index.bin
DEBUG:Chroma:time to pre process our knn query: 0.0
DEBUG:Chroma:time to run knn query: 0.0
DEBUG:Chroma:time to pre process our knn query: 0.0
DEBUG:Chroma:time to run knn query: 0.0
DEBUG:Chroma:Logger created
DEBUG:Chroma:Index not found
DEBUG:Chroma:Index saved to .chroma/index/index.bin
DEBUG:Chroma:Index saved to .chroma/index/index.bin
DEBUG:Chroma:time to pre process our knn query: 0.0
DEBUG:Chroma:time to run knn query: 0.0009982585906982422
DEBUG:Chroma:time to pre process our knn query: 0.0
DEBUG:Chroma:time to run knn query: 0.0
DEBUG:Chroma:Logger created
DEBUG:Chroma:Index not found
DEBUG:Chroma:Index saved to .chroma/index/index.bin
DEBUG:Chroma:Index saved to .chroma/index/index.bin
DEBUG:Chroma:time to pre process our knn query: 0.0
DEBUG:Chroma:time to run knn query: 0.0
DEBUG:Chroma:Logger created
DEBUG:Chroma:Index not found
DEBUG:Chroma:Index saved to .chroma/index/index.bin
DEBUG:Chroma:Index saved to .chroma/index/index.bin
DEBUG:Chroma:time to pre process our knn query: 0.0
DEBUG:Chroma:time to run knn query: 0.0
DEBUG:Chroma:Logger created
DEBUG:Chroma:Index not found
DEBUG:Chroma:Index saved to .chroma/index/index.bin
DEBUG:Chroma:Index saved to .chroma/index/index.bin
DEBUG:Chroma:time to pre process our knn query: 0.0
DEBUG:Chroma:time to run knn query: 0.0
DEBUG:Chroma:Logger created
DEBUG:Chroma:Index not found
DEBUG:Chroma:Index saved to .chroma/index/index.bin
DEBUG:Chroma:Index saved to .chroma/index/index.bin
DEBUG:Chroma:time to pre process our knn query: 0.0
DEBUG:Chroma:time to run knn query: 0.0
DEBUG:Chroma:Logger created
DEBUG:Chroma:Index not found
DEBUG:Chroma:Index saved to .chroma/index/index.bin
DEBUG:Chroma:Index saved to .chroma/index/index.bin
DEBUG:Chroma:Logger created
DEBUG:Chroma:Index not found
DEBUG:Chroma:Index saved to .chroma/index/index.bin
DEBUG:Chroma:Index saved to .chroma/index/index.bin
DEBUG:Chroma:time to pre process our knn query: 0.0
DEBUG:Chroma:time to run knn query: 0.0
DEBUG:Chroma:Logger created
DEBUG:Chroma:Index not found
DEBUG:Chroma:Index saved to .chroma/index/index.bin
DEBUG:Chroma:Index saved to .chroma/index/index.bin
DEBUG:Chroma:time to pre process our knn query: 0.0
DEBUG:Chroma:time to run knn query: 0.0
DEBUG:Chroma:time to pre process our knn query: 0.0
DEBUG:Chroma:time to run knn query: 0.0
DEBUG:Chroma:Logger created
DEBUG:Chroma:Index not found
DEBUG:Chroma:Index saved to .chroma/index/index.bin
DEBUG:Chroma:Index saved to .chroma/index/index.bin
DEBUG:Chroma:time to pre process our knn query: 0.0
DEBUG:Chroma:time to run knn query: 0.0
DEBUG:Chroma:time to pre process our knn query: 0.0
DEBUG:Chroma:time to run knn query: 0.0
DEBUG:Chroma:time to pre process our knn query: 0.0
DEBUG:Chroma:time to run knn query: 0.0
DEBUG:Chroma:Logger created
DEBUG:Chroma:Index not found
DEBUG:Chroma:Index saved to .chroma/index/index.bin
DEBUG:Chroma:Index saved to .chroma/index/index.bin
DEBUG:Chroma:time to pre process our knn query: 0.0
DEBUG:Chroma:time to run knn query: 0.0
DEBUG:Chroma:time to pre process our knn query: 0.0
DEBUG:Chroma:time to run knn query: 0.0
DEBUG:Chroma:time to pre process our knn query: 0.0
DEBUG:Chroma:time to run knn query: 0.0
DEBUG:Chroma:Logger created
DEBUG:Chroma:Index not found
DEBUG:Chroma:Index saved to .chroma/index/index.bin
DEBUG:Chroma:Index saved to .chroma/index/index.bin
DEBUG:Chroma:time to pre process our knn query: 0.0
DEBUG:Chroma:time to run knn query: 0.0
DEBUG:Chroma:time to pre process our knn query: 0.0
DEBUG:Chroma:time to run knn query: 0.0010020732879638672
DEBUG:Chroma:time to pre process our knn query: 0.0
DEBUG:Chroma:time to run knn query: 0.001016855239868164
DEBUG:Chroma:Logger created
DEBUG:Chroma:Index not found
DEBUG:Chroma:Index saved to .chroma/index/index.bin
DEBUG:Chroma:Index saved to .chroma/index/index.bin
DEBUG:Chroma:time to pre process our knn query: 0.0
DEBUG:Chroma:time to run knn query: 0.0
DEBUG:Chroma:time to pre process our knn query: 0.0
DEBUG:Chroma:time to run knn query: 0.0009984970092773438
DEBUG:Chroma:time to pre process our knn query: 0.0
DEBUG:Chroma:time to run knn query: 0.0009872913360595703
DEBUG:Chroma:Logger created
DEBUG:Chroma:Index not found
DEBUG:Chroma:Index saved to .chroma/index/index.bin
DEBUG:Chroma:Index saved to .chroma/index/index.bin
DEBUG:Chroma:time to pre process our knn query: 0.0
DEBUG:Chroma:time to run knn query: 0.0
DEBUG:Chroma:time to pre process our knn query: 0.0
DEBUG:Chroma:time to run knn query: 0.0
DEBUG:Chroma:time to pre process our knn query: 0.0
DEBUG:Chroma:time to run knn query: 0.0009968280792236328
DEBUG:Chroma:Logger created
DEBUG:Chroma:Index not found
DEBUG:Chroma:Index saved to .chroma/index/index.bin
DEBUG:Chroma:Index saved to .chroma/index/index.bin
DEBUG:Chroma:time to pre process our knn query: 0.0
DEBUG:Chroma:time to run knn query: 0.0
DEBUG:Chroma:time to pre process our knn query: 0.0
DEBUG:Chroma:time to run knn query: 0.0
DEBUG:Chroma:time to pre process our knn query: 0.0
DEBUG:Chroma:time to run knn query: 0.0
